2014-08-11 02:30:40.714 Ruta Tips[7603:70b] Multi-tasking -> Device: YES, App: YES
2014-08-11 02:30:41.079 Ruta Tips[7603:70b] Unlimited access to network resources
2014-08-11 02:30:42.407 Ruta Tips[7603:70b] [CDVTimer][keyboard] 0.118971ms
2014-08-11 02:30:42.408 Ruta Tips[7603:70b] CDVPlugin class CDVStatusBar (pluginName: statusbar) does not exist.
2014-08-11 02:30:42.408 Ruta Tips[7603:70b] [CDVTimer][statusbar] 0.465989ms
2014-08-11 02:30:42.409 Ruta Tips[7603:70b] [CDVTimer][TotalPluginStartup] 1.631021ms
2014-08-11 02:30:42.820 Ruta Tips[7603:70b] Resetting plugins due to page load.
2014-08-11 02:30:44.202 Ruta Tips[7603:70b] Finished load of: file:///Users/Narki/Library/Application%20Support/iPhone%20Simulator/7.1/Applications/CBD9BF08-3884-4103-98D3-438BDCC8932D/Ruta%20Tips.app/www/index.html#/app/login
2014-08-11 02:30:44.256 Ruta Tips[7603:70b] THREAD WARNING: ['Device'] took '38.175049' ms. Plugin should use a background thread.
2014-08-11 02:30:44.263 Ruta Tips[7603:70b] config init
2014-08-11 02:30:44.263 Ruta Tips[7603:70b] ionic ready console log
2014-08-11 02:30:44.448 Ruta Tips[7603:70b] app started
2014-08-11 02:30:44.644 Ruta Tips[7603:70b] user is logged out
2014-08-11 02:30:44.898 Ruta Tips[7603:70b] Updated location: 37.79,-122.41
2014-08-11 02:30:44.898 Ruta Tips[7603:70b] Updated location: 37.79,-122.41
2014-08-11 02:30:44.908 Ruta Tips[7603:70b] Updated location: 37.79,-122.41
2014-08-11 02:30:45.829 Ruta Tips[7603:70b] Updated location: 37.79,-122.41
2014-08-11 02:30:45.850 Ruta Tips[7603:70b] THREAD WARNING: ['Console'] took '20.431885' ms. Plugin should use a background thread.
2014-08-11 02:30:46.831 Ruta Tips[7603:70b] Updated location: 37.79,-122.41
2014-08-11 02:30:47.832 Ruta Tips[7603:70b] Updated location: 37.79,-122.41
2014-08-11 02:30:48.834 Ruta Tips[7603:70b] Updated location: 37.79,-122.41
2014-08-11 02:30:49.834 Ruta Tips[7603:70b] Updated location: 37.79,-122.41
2014-08-11 02:30:50.836 Ruta Tips[7603:70b] Updated location: 37.79,-122.41
2014-08-11 02:30:52.824 Ruta Tips[7603:70b] Updated location: 37.79,-122.41
2014-08-11 02:30:53.081 Ruta Tips[7603:70b] Updated location: 37.79,-122.41
2014-08-11 02:30:53.837 Ruta Tips[7603:70b] Updated location: 37.79,-122.41
2014-08-11 02:30:55.545 Ruta Tips[7603:70b] Updated location: 37.79,-122.41
2014-08-11 02:30:55.839 Ruta Tips[7603:70b] Updated location: 37.79,-122.41
2014-08-11 02:30:56.840 Ruta Tips[7603:70b] Updated location: 37.79,-122.41
2014-08-11 02:30:57.841 Ruta Tips[7603:70b] Updated location: 37.79,-122.41
2014-08-11 02:30:58.841 Ruta Tips[7603:70b] Updated location: 37.79,-122.41
2014-08-11 02:30:59.842 Ruta Tips[7603:70b] Updated location: 37.79,-122.41
2014-08-11 02:31:00.843 Ruta Tips[7603:70b] Updated location: 37.79,-122.41
2014-08-11 02:31:01.845 Ruta Tips[7603:70b] Updated location: 37.79,-122.41
2014-08-11 02:31:02.846 Ruta Tips[7603:70b] Updated location: 37.79,-122.41
2014-08-11 02:31:03.847 Ruta Tips[7603:70b] Updated location: 37.79,-122.41
2014-08-11 02:31:04.848 Ruta Tips[7603:70b] Updated location: 37.79,-122.41
2014-08-11 02:31:05.848 Ruta Tips[7603:70b] Updated location: 37.79,-122.41
2014-08-11 02:31:06.850 Ruta Tips[7603:70b] Updated location: 37.79,-122.41
2014-08-11 02:31:07.851 Ruta Tips[7603:70b] Updated location: 37.79,-122.41
2014-08-11 02:31:08.852 Ruta Tips[7603:70b] Updated location: 37.79,-122.41
2014-08-11 02:31:09.853 Ruta Tips[7603:70b] Updated location: 37.79,-122.41
2014-08-11 02:31:10.909 Ruta Tips[7603:70b] Updated location: 37.79,-122.41
2014-08-11 02:31:11.169 Ruta Tips[7603:70b] error JSON.stringify()ing argument: TypeError: JSON.stringify cannot serialize cyclic structures.
2014-08-11 02:31:11.872 Ruta Tips[7603:70b] Updated location: 37.79,-122.41
2014-08-11 02:31:12.855 Ruta Tips[7603:70b] Updated location: 37.79,-122.41
2014-08-11 02:31:12.990 Ruta Tips[7603:70b] User ID: simplelogin:19, Provider: password
2014-08-11 02:31:12.990 Ruta Tips[7603:70b] currentuser url: https://ruta-tips.firebaseio.com/users/19/
2014-08-11 02:31:13.856 Ruta Tips[7603:70b] Updated location: 37.79,-122.41
2014-08-11 02:31:14.858 Ruta Tips[7603:70b] Updated location: 37.79,-122.41
2014-08-11 02:31:15.859 Ruta Tips[7603:70b] Updated location: 37.79,-122.41
2014-08-11 02:31:16.860 Ruta Tips[7603:70b] Updated location: 37.79,-122.41
2014-08-11 02:31:17.862 Ruta Tips[7603:70b] Updated location: 37.79,-122.41
2014-08-11 02:31:18.732 Ruta Tips[7603:70b] ERROR: Error: Can't find variable: Camera
takePicture@file:///Users/Narki/Library/Application%20Support/iPhone%20Simulator/7.1/Applications/CBD9BF08-3884-4103-98D3-438BDCC8932D/Ruta%20Tips.app/www/js/controllers.js:148:41
file:///Users/Narki/Library/Application%20Support/iPhone%20Simulator/7.1/Applications/CBD9BF08-3884-4103-98D3-438BDCC8932D/Ruta%20Tips.app/www/lib/ionic/js/ionic.bundle.js:17690:26
file:///Users/Narki/Library/Application%20Support/iPhone%20Simulator/7.1/Applications/CBD9BF08-3884-4103-98D3-438BDCC8932D/Ruta%20Tips.app/www/lib/ionic/js/ionic.bundle.js:37168:23
$eval@file:///Users/Narki/Library/Application%20Support/iPhone%20Simulator/7.1/Applications/CBD9BF08-3884-4103-98D3-438BDCC8932D/Ruta%20Tips.app/www/lib/ionic/js/ionic.bundle.js:19447:28
$apply@file:///Users/Narki/Library/Application%20Support/iPhone%20Simulator/7.1/Applications/CBD9BF08-3884-4103-98D3-438BDCC8932D/Ruta%20Tips.app/www/lib/ionic/js/ionic.bundle.js:19547:28
file:///Users/Narki/Library/Application%20Support/iPhone%20Simulator/7.1/Applications/CBD9BF08-3884-4103-98D3-438BDCC8932D/Ruta%20Tips.app/www/lib/ionic/js/ionic.bundle.js:37167:21
file:///Users/Narki/Library/Application%20Support/iPhone%20Simulator/7.1/Applications/CBD9BF08-3884-4103-98D3-438BDCC8932D/Ruta%20Tips.app/www/lib/ionic/js/ionic.bundle.js:10086:14
forEach@file:///Users/Narki/Library/Application%20Support/iPhone%20Simulator/7.1/Applications/CBD9BF08-3884-4103-98D3-438BDCC8932D/Ruta%20Tips.app/www/lib/ionic/js/ionic.bundle.js:7780:24
eventHandler@file:///Users/Narki/Library/Application%20Support/iPhone%20Simulator/7.1/Applications/CBD9BF08-3884-4103-98D3-438BDCC8932D/Ruta%20Tips.app/www/lib/ionic/js/ionic.bundle.js:10085:12
dispatchEvent@[native code]
tapElement@file:///Users/Narki/Library/Application%20Support/iPhone%20Simulator/7.1/Applications/CBD9BF08-3884-4103-98D3-438BDCC8932D/Ruta%20Tips.app/www/lib/ionic/js/ionic.bundle.js:2370:22
onTap@file:///Users/Narki/Library/Application%20Support/iPhone%20Simulator/7.1/Applications/CBD9BF08-3884-4103-98D3-438BDCC8932D/Ruta%20Tips.app/www/lib/ionic/js/ionic.bundle.js:37161:23
dispatchEvent@[native code]
triggerEvent@file:///Users/Narki/Library/Application%20Support/iPhone%20Simulator/7.1/Applications/CBD9BF08-3884-4103-98D3-438BDCC8932D/Ruta%20Tips.app/www/lib/ionic/js/ionic.bundle.js:741:28
releaseGesture@file:///Users/Narki/Library/Application%20Support/iPhone%20Simulator/7.1/Applications/CBD9BF08-3884-4103-98D3-438BDCC8932D/Ruta%20Tips.app/www/lib/ionic/js/ionic.bundle.js:1937:21
detect@file:///Users/Narki/Library/Application%20Support/iPhone%20Simulator/7.1/Applications/CBD9BF08-3884-4103-98D3-438BDCC8932D/Ruta%20Tips.app/www/lib/ionic/js/ionic.bundle.js:1319:34
bindDomOnTouch@file:///Users/Narki/Library/Application%20Support/iPhone%20Simulator/7.1/Applications/CBD9BF08-3884-4103-98D3-438BDCC8932D/Ruta%20Tips.app/www/lib/ionic/js/ionic.bundle.js:868:23
2014-08-11 02:31:18.861 Ruta Tips[7603:70b] Updated location: 37.79,-122.41
2014-08-11 02:31:19.863 Ruta Tips[7603:70b] Updated location: 37.79,-122.41
2014-08-11 02:31:20.864 Ruta Tips[7603:70b] Updated location: 37.79,-122.41
2014-08-11 02:31:21.865 Ruta Tips[7603:70b] Updated location: 37.79,-122.41
2014-08-11 02:31:22.866 Ruta Tips[7603:70b] Updated location: 37.79,-122.41
2014-08-11 02:31:23.866 Ruta Tips[7603:70b] Updated location: 37.79,-122.41
2014-08-11 02:31:24.867 Ruta Tips[7603:70b] Updated location: 37.79,-122.41
2014-08-11 02:31:25.869 Ruta Tips[7603:70b] Updated location: 37.79,-122.41
2014-08-11 02:31:26.870 Ruta Tips[7603:70b] Updated location: 37.79,-122.41
2014-08-11 02:31:27.564 Ruta Tips[7603:70b] ERROR: Error: Can't find variable: Camera
takePicture@file:///Users/Narki/Library/Application%20Support/iPhone%20Simulator/7.1/Applications/CBD9BF08-3884-4103-98D3-438BDCC8932D/Ruta%20Tips.app/www/js/controllers.js:148:41
file:///Users/Narki/Library/Application%20Support/iPhone%20Simulator/7.1/Applications/CBD9BF08-3884-4103-98D3-438BDCC8932D/Ruta%20Tips.app/www/lib/ionic/js/ionic.bundle.js:17690:26
file:///Users/Narki/Library/Application%20Support/iPhone%20Simulator/7.1/Applications/CBD9BF08-3884-4103-98D3-438BDCC8932D/Ruta%20Tips.app/www/lib/ionic/js/ionic.bundle.js:37168:23
$eval@file:///Users/Narki/Library/Application%20Support/iPhone%20Simulator/7.1/Applications/CBD9BF08-3884-4103-98D3-438BDCC8932D/Ruta%20Tips.app/www/lib/ionic/js/ionic.bundle.js:19447:28
$apply@file:///Users/Narki/Library/Application%20Support/iPhone%20Simulator/7.1/Applications/CBD9BF08-3884-4103-98D3-438BDCC8932D/Ruta%20Tips.app/www/lib/ionic/js/ionic.bundle.js:19547:28
file:///Users/Narki/Library/Application%20Support/iPhone%20Simulator/7.1/Applications/CBD9BF08-3884-4103-98D3-438BDCC8932D/Ruta%20Tips.app/www/lib/ionic/js/ionic.bundle.js:37167:21
file:///Users/Narki/Library/Application%20Support/iPhone%20Simulator/7.1/Applications/CBD9BF08-3884-4103-98D3-438BDCC8932D/Ruta%20Tips.app/www/lib/ionic/js/ionic.bundle.js:10086:14
forEach@file:///Users/Narki/Library/Application%20Support/iPhone%20Simulator/7.1/Applications/CBD9BF08-3884-4103-98D3-438BDCC8932D/Ruta%20Tips.app/www/lib/ionic/js/ionic.bundle.js:7780:24
eventHandler@file:///Users/Narki/Library/Application%20Support/iPhone%20Simulator/7.1/Applications/CBD9BF08-3884-4103-98D3-438BDCC8932D/Ruta%20Tips.app/www/lib/ionic/js/ionic.bundle.js:10085:12
dispatchEvent@[native code]
tapElement@file:///Users/Narki/Library/Application%20Support/iPhone%20Simulator/7.1/Applications/CBD9BF08-3884-4103-98D3-438BDCC8932D/Ruta%20Tips.app/www/lib/ionic/js/ionic.bundle.js:2370:22
onTap@file:///Users/Narki/Library/Application%20Support/iPhone%20Simulator/7.1/Applications/CBD9BF08-3884-4103-98D3-438BDCC8932D/Ruta%20Tips.app/www/lib/ionic/js/ionic.bundle.js:37161:23
dispatchEvent@[native code]
triggerEvent@file:///Users/Narki/Library/Application%20Support/iPhone%20Simulator/7.1/Applications/CBD9BF08-3884-4103-98D3-438BDCC8932D/Ruta%20Tips.app/www/lib/ionic/js/ionic.bundle.js:741:28
releaseGesture@file:///Users/Narki/Library/Application%20Support/iPhone%20Simulator/7.1/Applications/CBD9BF08-3884-4103-98D3-438BDCC8932D/Ruta%20Tips.app/www/lib/ionic/js/ionic.bundle.js:1937:21
detect@file:///Users/Narki/Library/Application%20Support/iPhone%20Simulator/7.1/Applications/CBD9BF08-3884-4103-98D3-438BDCC8932D/Ruta%20Tips.app/www/lib/ionic/js/ionic.bundle.js:1319:34
bindDomOnTouch@file:///Users/Narki/Library/Application%20Support/iPhone%20Simulator/7.1/Applications/CBD9BF08-3884-4103-98D3-438BDCC8932D/Ruta%20Tips.app/www/lib/ionic/js/ionic.bundle.js:868:23
2014-08-11 02:31:27.871 Ruta Tips[7603:70b] Updated location: 37.79,-122.41
2014-08-11 02:31:28.347 Ruta Tips[7603:70b] ERROR: Error: Can't find variable: Camera
takePicture@file:///Users/Narki/Library/Application%20Support/iPhone%20Simulator/7.1/Applications/CBD9BF08-3884-4103-98D3-438BDCC8932D/Ruta%20Tips.app/www/js/controllers.js:148:41
file:///Users/Narki/Library/Application%20Support/iPhone%20Simulator/7.1/Applications/CBD9BF08-3884-4103-98D3-438BDCC8932D/Ruta%20Tips.app/www/lib/ionic/js/ionic.bundle.js:17690:26
file:///Users/Narki/Library/Application%20Support/iPhone%20Simulator/7.1/Applications/CBD9BF08-3884-4103-98D3-438BDCC8932D/Ruta%20Tips.app/www/lib/ionic/js/ionic.bundle.js:37168:23
$eval@file:///Users/Narki/Library/Application%20Support/iPhone%20Simulator/7.1/Applications/CBD9BF08-3884-4103-98D3-438BDCC8932D/Ruta%20Tips.app/www/lib/ionic/js/ionic.bundle.js:19447:28
$apply@file:///Users/Narki/Library/Application%20Support/iPhone%20Simulator/7.1/Applications/CBD9BF08-3884-4103-98D3-438BDCC8932D/Ruta%20Tips.app/www/lib/ionic/js/ionic.bundle.js:19547:28
file:///Users/Narki/Library/Application%20Support/iPhone%20Simulator/7.1/Applications/CBD9BF08-3884-4103-98D3-438BDCC8932D/Ruta%20Tips.app/www/lib/ionic/js/ionic.bundle.js:37167:21
file:///Users/Narki/Library/Application%20Support/iPhone%20Simulator/7.1/Applications/CBD9BF08-3884-4103-98D3-438BDCC8932D/Ruta%20Tips.app/www/lib/ionic/js/ionic.bundle.js:10086:14
forEach@file:///Users/Narki/Library/Application%20Support/iPhone%20Simulator/7.1/Applications/CBD9BF08-3884-4103-98D3-438BDCC8932D/Ruta%20Tips.app/www/lib/ionic/js/ionic.bundle.js:7780:24
eventHandler@file:///Users/Narki/Library/Application%20Support/iPhone%20Simulator/7.1/Applications/CBD9BF08-3884-4103-98D3-438BDCC8932D/Ruta%20Tips.app/www/lib/ionic/js/ionic.bundle.js:10085:12
dispatchEvent@[native code]
tapElement@file:///Users/Narki/Library/Application%20Support/iPhone%20Simulator/7.1/Applications/CBD9BF08-3884-4103-98D3-438BDCC8932D/Ruta%20Tips.app/www/lib/ionic/js/ionic.bundle.js:2370:22
onTap@file:///Users/Narki/Library/Application%20Support/iPhone%20Simulator/7.1/Applications/CBD9BF08-3884-4103-98D3-438BDCC8932D/Ruta%20Tips.app/www/lib/ionic/js/ionic.bundle.js:37161:23
dispatchEvent@[native code]
triggerEvent@file:///Users/Narki/Library/Application%20Support/iPhone%20Simulator/7.1/Applications/CBD9BF08-3884-4103-98D3-438BDCC8932D/Ruta%20Tips.app/www/lib/ionic/js/ionic.bundle.js:741:28
releaseGesture@file:///Users/Narki/Library/Application%20Support/iPhone%20Simulator/7.1/Applications/CBD9BF08-3884-4103-98D3-438BDCC8932D/Ruta%20Tips.app/www/lib/ionic/js/ionic.bundle.js:1937:21
detect@file:///Users/Narki/Library/Application%20Support/iPhone%20Simulator/7.1/Applications/CBD9BF08-3884-4103-98D3-438BDCC8932D/Ruta%20Tips.app/www/lib/ionic/js/ionic.bundle.js:1319:34
bindDomOnTouch@file:///Users/Narki/Library/Application%20Support/iPhone%20Simulator/7.1/Applications/CBD9BF08-3884-4103-98D3-438BDCC8932D/Ruta%20Tips.app/www/lib/ionic/js/ionic.bundle.js:868:23
2014-08-11 02:31:28.872 Ruta Tips[7603:70b] Updated location: 37.79,-122.41
2014-08-11 02:31:29.872 Ruta Tips[7603:70b] Updated location: 37.79,-122.41
2014-08-11 02:31:30.873 Ruta Tips[7603:70b] Updated location: 37.79,-122.41
2014-08-11 02:31:31.875 Ruta Tips[7603:70b] Updated location: 37.79,-122.41
2014-08-11 02:31:32.876 Ruta Tips[7603:70b] Updated location: 37.79,-122.41
2014-08-11 02:31:33.876 Ruta Tips[7603:70b] Updated location: 37.79,-122.41
2014-08-11 02:31:34.878 Ruta Tips[7603:70b] Updated location: 37.79,-122.41
2014-08-11 02:31:35.878 Ruta Tips[7603:70b] Updated location: 37.79,-122.41
2014-08-11 02:31:36.880 Ruta Tips[7603:70b] Updated location: 37.79,-122.41
2014-08-11 02:31:37.879 Ruta Tips[7603:70b] Updated location: 37.79,-122.41
2014-08-11 02:31:38.881 Ruta Tips[7603:70b] Updated location: 37.79,-122.41
2014-08-11 02:31:39.881 Ruta Tips[7603:70b] Updated location: 37.79,-122.41
2014-08-11 02:31:40.883 Ruta Tips[7603:70b] Updated location: 37.79,-122.41
2014-08-11 02:31:41.885 Ruta Tips[7603:70b] Updated location: 37.79,-122.41
2014-08-11 02:31:42.886 Ruta Tips[7603:70b] Updated location: 37.79,-122.41
2014-08-11 02:31:43.887 Ruta Tips[7603:70b] Updated location: 37.79,-122.41
2014-08-11 02:31:44.888 Ruta Tips[7603:70b] Updated location: 37.79,-122.41
2014-08-11 02:31:45.889 Ruta Tips[7603:70b] Updated location: 37.79,-122.41
2014-08-11 02:31:46.891 Ruta Tips[7603:70b] Updated location: 37.79,-122.41
2014-08-11 02:31:47.892 Ruta Tips[7603:70b] Updated location: 37.79,-122.41
2014-08-11 02:31:48.893 Ruta Tips[7603:70b] Updated location: 37.79,-122.41
2014-08-11 02:31:49.894 Ruta Tips[7603:70b] Updated location: 37.79,-122.41
2014-08-11 02:31:50.896 Ruta Tips[7603:70b] Updated location: 37.79,-122.41
2014-08-11 02:31:51.896 Ruta Tips[7603:70b] Updated location: 37.79,-122.41
2014-08-11 03:27:41.106 Ruta Tips[8172:70b] Multi-tasking -> Device: YES, App: YES
2014-08-11 03:27:41.216 Ruta Tips[8172:70b] Unlimited access to network resources
2014-08-11 03:27:42.773 Ruta Tips[8172:70b] [CDVTimer][keyboard] 0.222027ms
2014-08-11 03:27:42.774 Ruta Tips[8172:70b] CDVPlugin class CDVStatusBar (pluginName: statusbar) does not exist.
2014-08-11 03:27:42.774 Ruta Tips[8172:70b] [CDVTimer][statusbar] 0.684023ms
2014-08-11 03:27:42.775 Ruta Tips[8172:70b] [CDVTimer][TotalPluginStartup] 2.572000ms
2014-08-11 03:27:43.096 Ruta Tips[8172:70b] Resetting plugins due to page load.
2014-08-11 03:27:44.687 Ruta Tips[8172:70b] Finished load of: file:///Users/Narki/Library/Application%20Support/iPhone%20Simulator/7.1/Applications/CBD9BF08-3884-4103-98D3-438BDCC8932D/Ruta%20Tips.app/www/index.html#/app/login
2014-08-11 03:27:44.866 Ruta Tips[8172:70b] THREAD WARNING: ['Device'] took '163.384033' ms. Plugin should use a background thread.
2014-08-11 03:27:45.544 Ruta Tips[8172:70b] config init
2014-08-11 03:27:45.544 Ruta Tips[8172:70b] ionic ready console log
2014-08-11 03:27:45.545 Ruta Tips[8172:70b] app started
2014-08-11 03:27:45.624 Ruta Tips[8172:70b] user is logged out
2014-08-11 03:27:45.624 Ruta Tips[8172:70b] Updated location: 37.79,-122.41
2014-08-11 03:27:45.625 Ruta Tips[8172:70b] Updated location: 37.79,-122.41
2014-08-11 03:27:45.634 Ruta Tips[8172:70b] Updated location: 37.79,-122.41
2014-08-11 03:27:46.565 Ruta Tips[8172:70b] Updated location: 37.79,-122.41
2014-08-11 03:27:47.567 Ruta Tips[8172:70b] Updated location: 37.79,-122.41
2014-08-11 03:27:48.568 Ruta Tips[8172:70b] Updated location: 37.79,-122.41
2014-08-11 03:27:49.570 Ruta Tips[8172:70b] Updated location: 37.79,-122.41
2014-08-11 03:27:50.571 Ruta Tips[8172:70b] Updated location: 37.79,-122.41
2014-08-11 03:27:51.572 Ruta Tips[8172:70b] Updated location: 37.79,-122.41
2014-08-11 03:27:52.573 Ruta Tips[8172:70b] Updated location: 37.79,-122.41
2014-08-11 03:27:53.575 Ruta Tips[8172:70b] Updated location: 37.79,-122.41
2014-08-11 03:27:54.574 Ruta Tips[8172:70b] Updated location: 37.79,-122.41
2014-08-11 03:27:55.576 Ruta Tips[8172:70b] Updated location: 37.79,-122.41
2014-08-11 03:27:56.219 Ruta Tips[8172:70b] error JSON.stringify()ing argument: TypeError: JSON.stringify cannot serialize cyclic structures.
2014-08-11 03:27:56.577 Ruta Tips[8172:70b] Updated location: 37.79,-122.41
2014-08-11 03:27:57.577 Ruta Tips[8172:70b] Updated location: 37.79,-122.41
2014-08-11 03:27:58.178 Ruta Tips[8172:70b] ERROR: {"code":"INVALID_EMAIL"}
2014-08-11 03:27:58.578 Ruta Tips[8172:70b] Updated location: 37.79,-122.41
2014-08-11 03:27:59.580 Ruta Tips[8172:70b] Updated location: 37.79,-122.41
2014-08-11 03:28:01.012 Ruta Tips[8172:70b] Updated location: 37.79,-122.41
2014-08-11 03:28:01.579 Ruta Tips[8172:70b] Updated location: 37.79,-122.41
2014-08-11 03:28:02.580 Ruta Tips[8172:70b] Updated location: 37.79,-122.41
2014-08-11 03:28:03.582 Ruta Tips[8172:70b] Updated location: 37.79,-122.41
2014-08-11 03:28:04.582 Ruta Tips[8172:70b] Updated location: 37.79,-122.41
2014-08-11 03:28:05.582 Ruta Tips[8172:70b] Updated location: 37.79,-122.41
2014-08-11 03:28:06.584 Ruta Tips[8172:70b] Updated location: 37.79,-122.41
2014-08-11 03:28:07.584 Ruta Tips[8172:70b] Updated location: 37.79,-122.41
2014-08-11 03:28:08.586 Ruta Tips[8172:70b] Updated location: 37.79,-122.41
2014-08-11 03:28:09.586 Ruta Tips[8172:70b] Updated location: 37.79,-122.41
2014-08-11 03:28:10.587 Ruta Tips[8172:70b] Updated location: 37.79,-122.41
2014-08-11 03:28:11.587 Ruta Tips[8172:70b] Updated location: 37.79,-122.41
2014-08-11 03:28:12.587 Ruta Tips[8172:70b] Updated location: 37.79,-122.41
2014-08-11 03:28:13.589 Ruta Tips[8172:70b] Updated location: 37.79,-122.41
2014-08-11 03:28:14.610 Ruta Tips[8172:70b] Updated location: 37.79,-122.41
2014-08-11 03:28:15.591 Ruta Tips[8172:70b] Updated location: 37.79,-122.41
2014-08-11 03:28:16.591 Ruta Tips[8172:70b] Updated location: 37.79,-122.41
2014-08-11 03:28:17.593 Ruta Tips[8172:70b] Updated location: 37.79,-122.41
2014-08-11 03:28:18.594 Ruta Tips[8172:70b] Updated location: 37.79,-122.41
2014-08-11 03:28:19.709 Ruta Tips[8172:70b] Updated location: 37.79,-122.41
2014-08-11 03:28:20.596 Ruta Tips[8172:70b] Updated location: 37.79,-122.41
2014-08-11 03:28:21.597 Ruta Tips[8172:70b] Updated location: 37.79,-122.41
2014-08-11 03:28:22.598 Ruta Tips[8172:70b] Updated location: 37.79,-122.41
2014-08-11 03:28:23.600 Ruta Tips[8172:70b] Updated location: 37.79,-122.41
2014-08-11 03:28:24.599 Ruta Tips[8172:70b] Updated location: 37.79,-122.41
2014-08-11 03:28:25.600 Ruta Tips[8172:70b] Updated location: 37.79,-122.41
2014-08-11 03:28:26.602 Ruta Tips[8172:70b] Updated location: 37.79,-122.41
2014-08-11 03:28:27.603 Ruta Tips[8172:70b] Updated location: 37.79,-122.41
2014-08-11 03:28:28.605 Ruta Tips[8172:70b] Updated location: 37.79,-122.41
2014-08-11 03:28:29.642 Ruta Tips[8172:70b] Updated location: 37.79,-122.41
2014-08-11 03:28:30.605 Ruta Tips[8172:70b] Updated location: 37.79,-122.41
2014-08-11 03:28:31.605 Ruta Tips[8172:70b] Updated location: 37.79,-122.41
2014-08-11 03:28:32.607 Ruta Tips[8172:70b] Updated location: 37.79,-122.41
2014-08-11 03:28:33.607 Ruta Tips[8172:70b] Updated location: 37.79,-122.41
2014-08-11 03:28:34.609 Ruta Tips[8172:70b] Updated location: 37.79,-122.41
2014-08-11 03:28:35.610 Ruta Tips[8172:70b] Updated location: 37.79,-122.41
2014-08-11 03:28:36.610 Ruta Tips[8172:70b] Updated location: 37.79,-122.41
2014-08-11 03:28:37.611 Ruta Tips[8172:70b] Updated location: 37.79,-122.41
2014-08-11 03:28:38.612 Ruta Tips[8172:70b] Updated location: 37.79,-122.41
2014-08-11 03:28:39.615 Ruta Tips[8172:70b] Updated location: 37.79,-122.41
2014-08-11 03:28:40.614 Ruta Tips[8172:70b] Updated location: 37.79,-122.41
2014-08-11 03:28:41.758 Ruta Tips[8172:70b] Updated location: 37.79,-122.41
2014-08-11 03:28:42.615 Ruta Tips[8172:70b] Updated location: 37.79,-122.41
2014-08-11 03:28:43.617 Ruta Tips[8172:70b] Updated location: 37.79,-122.41
2014-08-11 03:28:44.617 Ruta Tips[8172:70b] Updated location: 37.79,-122.41
2014-08-11 03:28:45.618 Ruta Tips[8172:70b] Updated location: 37.79,-122.41
2014-08-11 03:28:46.619 Ruta Tips[8172:70b] Updated location: 37.79,-122.41
2014-08-11 03:28:47.619 Ruta Tips[8172:70b] Updated location: 37.79,-122.41
2014-08-11 03:28:48.621 Ruta Tips[8172:70b] Updated location: 37.79,-122.41
2014-08-11 03:28:49.622 Ruta Tips[8172:70b] Updated location: 37.79,-122.41
2014-08-11 03:28:50.623 Ruta Tips[8172:70b] Updated location: 37.79,-122.41
2014-08-11 03:28:51.623 Ruta Tips[8172:70b] Updated location: 37.79,-122.41
2014-08-11 03:28:52.624 Ruta Tips[8172:70b] Updated location: 37.79,-122.41
2014-08-11 03:28:53.625 Ruta Tips[8172:70b] Updated location: 37.79,-122.41
2014-08-11 03:28:54.625 Ruta Tips[8172:70b] Updated location: 37.79,-122.41
2014-08-11 03:28:55.627 Ruta Tips[8172:70b] Updated location: 37.79,-122.41
2014-08-11 03:28:56.629 Ruta Tips[8172:70b] Updated location: 37.79,-122.41
2014-08-11 03:28:57.630 Ruta Tips[8172:70b] Updated location: 37.79,-122.41
2014-08-11 03:28:58.630 Ruta Tips[8172:70b] Updated location: 37.79,-122.41
2014-08-11 03:28:59.631 Ruta Tips[8172:70b] Updated location: 37.79,-122.41
2014-08-11 03:29:00.630 Ruta Tips[8172:70b] Updated location: 37.79,-122.41
2014-08-11 03:29:01.631 Ruta Tips[8172:70b] Updated location: 37.79,-122.41
2014-08-11 03:29:02.631 Ruta Tips[8172:70b] Updated location: 37.79,-122.41
2014-08-11 03:29:03.631 Ruta Tips[8172:70b] Updated location: 37.79,-122.41
2014-08-11 03:29:04.632 Ruta Tips[8172:70b] Updated location: 37.79,-122.41
2014-08-11 03:29:05.633 Ruta Tips[8172:70b] Updated location: 37.79,-122.41
2014-08-11 03:29:06.636 Ruta Tips[8172:70b] Updated location: 37.79,-122.41
2014-08-11 03:29:07.636 Ruta Tips[8172:70b] Updated location: 37.79,-122.41
2014-08-11 03:29:08.637 Ruta Tips[8172:70b] Updated location: 37.79,-122.41
2014-08-11 03:29:09.639 Ruta Tips[8172:70b] Updated location: 37.79,-122.41
2014-08-11 03:29:10.640 Ruta Tips[8172:70b] Updated location: 37.79,-122.41
2014-08-11 03:29:11.641 Ruta Tips[8172:70b] Updated location: 37.79,-122.41
2014-08-11 03:29:12.643 Ruta Tips[8172:70b] Updated location: 37.79,-122.41
2014-08-11 03:29:13.644 Ruta Tips[8172:70b] Updated location: 37.79,-122.41
2014-08-11 03:29:14.646 Ruta Tips[8172:70b] Updated location: 37.79,-122.41
2014-08-11 03:29:15.647 Ruta Tips[8172:70b] Updated location: 37.79,-122.41
2014-08-11 03:29:16.647 Ruta Tips[8172:70b] Updated location: 37.79,-122.41
2014-08-11 03:29:17.648 Ruta Tips[8172:70b] Updated location: 37.79,-122.41
2014-08-11 03:29:18.649 Ruta Tips[8172:70b] Updated location: 37.79,-122.41
2014-08-11 03:29:19.650 Ruta Tips[8172:70b] Updated location: 37.79,-122.41
2014-08-11 03:29:20.650 Ruta Tips[8172:70b] Updated location: 37.79,-122.41
2014-08-11 03:29:21.653 Ruta Tips[8172:70b] Updated location: 37.79,-122.41
2014-08-11 03:29:22.653 Ruta Tips[8172:70b] Updated location: 37.79,-122.41
2014-08-11 03:29:23.654 Ruta Tips[8172:70b] Updated location: 37.79,-122.41
2014-08-11 03:29:24.655 Ruta Tips[8172:70b] Updated location: 37.79,-122.41
2014-08-11 03:29:25.657 Ruta Tips[8172:70b] Updated location: 37.79,-122.41
2014-08-11 03:29:26.657 Ruta Tips[8172:70b] Updated location: 37.79,-122.41
2014-08-11 03:29:27.667 Ruta Tips[8172:70b] Updated location: 37.79,-122.41
2014-08-11 03:29:28.659 Ruta Tips[8172:70b] Updated location: 37.79,-122.41
2014-08-11 03:29:29.821 Ruta Tips[8172:70b] Updated location: 37.79,-122.41
2014-08-11 03:29:30.661 Ruta Tips[8172:70b] Updated location: 37.79,-122.41
2014-08-11 03:29:31.661 Ruta Tips[8172:70b] Updated location: 37.79,-122.41
2014-08-11 03:29:32.662 Ruta Tips[8172:70b] Updated location: 37.79,-122.41
2014-08-11 03:29:33.664 Ruta Tips[8172:70b] Updated location: 37.79,-122.41
2014-08-11 03:29:34.665 Ruta Tips[8172:70b] Updated location: 37.79,-122.41
2014-08-11 03:29:35.666 Ruta Tips[8172:70b] Updated location: 37.79,-122.41
2014-08-11 03:29:36.667 Ruta Tips[8172:70b] Updated location: 37.79,-122.41
2014-08-11 03:29:37.668 Ruta Tips[8172:70b] Updated location: 37.79,-122.41
2014-08-11 03:29:38.669 Ruta Tips[8172:70b] Updated location: 37.79,-122.41
2014-08-11 03:29:39.670 Ruta Tips[8172:70b] Updated location: 37.79,-122.41
2014-08-11 03:29:40.670 Ruta Tips[8172:70b] Updated location: 37.79,-122.41
2014-08-11 03:29:41.671 Ruta Tips[8172:70b] Updated location: 37.79,-122.41
2014-08-11 03:29:42.673 Ruta Tips[8172:70b] Updated location: 37.79,-122.41
2014-08-11 03:29:43.674 Ruta Tips[8172:70b] Updated location: 37.79,-122.41
